<?xml version="1.0" encoding="UTF-8"?>
<testng-results ignored="0" total="3" passed="2" failed="1" skipped="0">
  <reporter-output>
  </reporter-output>
  <suite started-at="2022-06-24T14:14:33 ICT" name="Default suite" finished-at="2022-06-24T14:15:58 ICT" duration-ms="84286">
    <groups>
      <group name="cucumber">
        <method signature="AbstractTestNGCucumberTests.runScenario(io.cucumber.testng.PickleWrapper,io.cucumber.testng.FeatureWrapper)[pri:0, instance:com.nexsoft.onelist.runner.OnelistRunner@7161d8d1]" name="runScenario" class="io.cucumber.testng.AbstractTestNGCucumberTests"/>
      </group> <!-- cucumber -->
    </groups>
    <test started-at="2022-06-24T14:14:33 ICT" name="Default test" finished-at="2022-06-24T14:15:58 ICT" duration-ms="84286">
      <class name="com.nexsoft.onelist.runner.OnelistRunner">
        <test-method is-config="true" signature="setUpClass(org.testng.ITestContext)[pri:0, instance:com.nexsoft.onelist.runner.OnelistRunner@7161d8d1]" started-at="2022-06-24T14:14:33 ICT" name="setUpClass" finished-at="2022-06-24T14:14:34 ICT" duration-ms="569" status="PASS">
          <params>
            <param index="0">
              <value>
                <![CDATA[org.testng.TestRunner@228bda54]]>
              </value>
            </param>
          </params>
          <reporter-output>
          </reporter-output>
        </test-method> <!-- setUpClass -->
        <test-method signature="runScenario(io.cucumber.testng.PickleWrapper,io.cucumber.testng.FeatureWrapper)[pri:0, instance:com.nexsoft.onelist.runner.OnelistRunner@7161d8d1]" started-at="2022-06-24T14:14:34 ICT" name="runScenario" description="Runs Cucumber Scenarios" data-provider="scenarios" finished-at="2022-06-24T14:15:08 ICT" duration-ms="34085" status="PASS">
          <params>
            <param index="0">
              <value>
                <![CDATA["Menambahkan List Baru"]]>
              </value>
            </param>
            <param index="1">
              <value>
                <![CDATA["OneList"]]>
              </value>
            </param>
          </params>
          <reporter-output>
          </reporter-output>
        </test-method> <!-- runScenario -->
        <test-method signature="runScenario(io.cucumber.testng.PickleWrapper,io.cucumber.testng.FeatureWrapper)[pri:0, instance:com.nexsoft.onelist.runner.OnelistRunner@7161d8d1]" started-at="2022-06-24T14:15:08 ICT" name="runScenario" description="Runs Cucumber Scenarios" data-provider="scenarios" finished-at="2022-06-24T14:15:35 ICT" duration-ms="27159" status="PASS">
          <params>
            <param index="0">
              <value>
                <![CDATA["Menambahkan List Baru Tapi Dibatalkan"]]>
              </value>
            </param>
            <param index="1">
              <value>
                <![CDATA["OneList"]]>
              </value>
            </param>
          </params>
          <reporter-output>
          </reporter-output>
        </test-method> <!-- runScenario -->
        <test-method signature="runScenario(io.cucumber.testng.PickleWrapper,io.cucumber.testng.FeatureWrapper)[pri:0, instance:com.nexsoft.onelist.runner.OnelistRunner@7161d8d1]" started-at="2022-06-24T14:15:35 ICT" name="runScenario" description="Runs Cucumber Scenarios" data-provider="scenarios" finished-at="2022-06-24T14:15:58 ICT" duration-ms="22300" status="FAIL">
          <params>
            <param index="0">
              <value>
                <![CDATA["Menambahkan List Baru Kosong"]]>
              </value>
            </param>
            <param index="1">
              <value>
                <![CDATA["OneList"]]>
              </value>
            </param>
          </params>
          <exception class="java.lang.AssertionError">
            <message>
              <![CDATA[expected [] but found [List name]]]>
            </message>
            <full-stacktrace>
              <![CDATA[java.lang.AssertionError: expected [] but found [List name]
at org.testng.Assert.fail(Assert.java:110)
at org.testng.Assert.failNotEquals(Assert.java:1413)
at org.testng.Assert.assertEqualsImpl(Assert.java:149)
at org.testng.Assert.assertEquals(Assert.java:131)
at org.testng.Assert.assertEquals(Assert.java:655)
at org.testng.Assert.assertEquals(Assert.java:665)
at com.nexsoft.onelist.definitions.OnelistDefine.insertListName2(OnelistDefine.java:128)
at âœ½.User memasukkan nama list2 ""(file:///D:/appium-workspace/AppiumBDD_Exam4/src/test/resources/Onelist.feature:31)
]]>
            </full-stacktrace>
          </exception> <!-- java.lang.AssertionError -->
          <reporter-output>
          </reporter-output>
        </test-method> <!-- runScenario -->
        <test-method is-config="true" signature="tearDownClass()[pri:0, instance:com.nexsoft.onelist.runner.OnelistRunner@7161d8d1]" started-at="2022-06-24T14:15:58 ICT" name="tearDownClass" finished-at="2022-06-24T14:15:58 ICT" duration-ms="27" status="PASS">
          <reporter-output>
          </reporter-output>
        </test-method> <!-- tearDownClass -->
      </class> <!-- com.nexsoft.onelist.runner.OnelistRunner -->
    </test> <!-- Default test -->
  </suite> <!-- Default suite -->
</testng-results>
